<?xml version="1.0" encoding="UTF-8"?>
<testng-results skipped="0" failed="0" ignored="0" total="2" passed="2">
  <reporter-output>
  </reporter-output>
  <suite name="Default suite" duration-ms="59" started-at="2021-02-22T04:21:42 UTC" finished-at="2021-02-22T04:21:42 UTC">
    <groups>
    </groups>
    <test name="Default test" duration-ms="59" started-at="2021-02-22T04:21:42 UTC" finished-at="2021-02-22T04:21:42 UTC">
      <class name="Test.Dataprovider">
        <test-method status="PASS" signature="additiontest(int, int, int)[pri:0, instance:Test.Dataprovider@578486a3]" name="additiontest" duration-ms="7" started-at="2021-02-22T04:21:42 UTC" data-provider="data-provider" finished-at="2021-02-22T04:21:42 UTC">
          <params>
            <param index="0">
              <value>
                <![CDATA[2]]>
              </value>
            </param>
            <param index="1">
              <value>
                <![CDATA[3]]>
              </value>
            </param>
            <param index="2">
              <value>
                <![CDATA[5]]>
              </value>
            </param>
          </params>
          <reporter-output>
          </reporter-output>
        </test-method> <!-- additiontest -->
        <test-method status="PASS" signature="additiontest(int, int, int)[pri:0, instance:Test.Dataprovider@578486a3]" name="additiontest" duration-ms="2" started-at="2021-02-22T04:21:42 UTC" data-provider="data-provider" finished-at="2021-02-22T04:21:42 UTC">
          <params>
            <param index="0">
              <value>
                <![CDATA[5]]>
              </value>
            </param>
            <param index="1">
              <value>
                <![CDATA[7]]>
              </value>
            </param>
            <param index="2">
              <value>
                <![CDATA[9]]>
              </value>
            </param>
          </params>
          <reporter-output>
          </reporter-output>
        </test-method> <!-- additiontest -->
      </class> <!-- Test.Dataprovider -->
    </test> <!-- Default test -->
  </suite> <!-- Default suite -->
</testng-results>
